2022-01-25 19:20:56,370 ERROR root Request to Slack API Failed: 200.
2022-01-25 19:20:56,370 ERROR root {'ok': False, 'error': 'channel_not_found'}
2022-01-25 19:21:05,647 ERROR root Request to Slack API Failed: 200.
2022-01-25 19:21:05,648 ERROR root {'ok': False, 'error': 'channel_not_found'}
2022-01-25 20:19:36,031 ERROR root Request to Slack API Failed: 200.
2022-01-25 20:19:36,032 ERROR root {'ok': False, 'error': 'account_inactive'}
2022-01-25 20:19:37,047 DEBUG slack_sdk.web.base_client Sending a request - url: https://www.slack.com/api/chat.postMessage, query_params: {}, body_params: {}, files: {}, json_body: {'channel': '#general', 'text': 'buddy'}, headers: {'Content-Type': 'application/json;charset=utf-8', 'Authorization': '(redacted)', 'User-Agent': 'Python/3.8.5 slackclient/3.13.0 Darwin/20.6.0'}
2022-01-25 20:19:37,267 DEBUG slack_sdk.web.base_client Received the following response - status: 200, headers: {'date': 'Wed, 26 Jan 2022 02:19:37 GMT', 'server': 'Apache', 'x-powered-by': 'HHVM/4.128.0', 'access-control-allow-origin': '*', 'referrer-policy': 'no-referrer', 'x-slack-backend': 'r', 'strict-transport-security': 'max-age=31536000; includeSubDomains; preload', 'access-control-allow-headers': 'slack-route, x-slack-version-ts, x-b3-traceid, x-b3-spanid, x-b3-parentspanid, x-b3-sampled, x-b3-flags', 'access-control-expose-headers': 'x-slack-req-id, retry-after', 'expires': 'Mon, 26 Jul 1997 05:00:00 GMT', 'cache-control': 'private, no-cache, no-store, must-revalidate', 'pragma': 'no-cache', 'x-robots-tag': 'noindex,nofollow', 'x-xss-protection': '0', 'x-content-type-options': 'nosniff', 'x-slack-req-id': '48e3ec71595fb94d4106dab2fc990b1e', 'vary': 'Accept-Encoding', 'content-type': 'application/json; charset=utf-8', 'x-envoy-upstream-service-time': '7', 'x-backend': 'main_normal main_bedrock_normal_with_overflow main_canary_with_overflow main_bedrock_canary_with_overflow main_control_with_overflow main_bedrock_control_with_overflow', 'x-server': 'slack-www-hhvm-main-iad-r462', 'x-slack-shared-secret-outcome': 'no-match', 'via': 'envoy-www-iad-qk41, envoy-edge-canary-iad-y0wy', 'x-edge-backend': 'envoy-www', 'x-slack-edge-shared-secret-outcome': 'no-match', 'connection': 'close', 'transfer-encoding': 'chunked'}, body: {"ok":false,"error":"account_inactive"}
2022-01-25 20:19:37,268 ERROR root Request to Slack API Failed: 200.
2022-01-25 20:19:37,268 ERROR root {'ok': False, 'error': 'account_inactive'}
2022-01-25 20:19:38,283 DEBUG slack_sdk.web.base_client Sending a request - url: https://www.slack.com/api/chat.postMessage, query_params: {}, body_params: {}, files: {}, json_body: {'channel': '#general', 'text': 'merry'}, headers: {'Content-Type': 'application/json;charset=utf-8', 'Authorization': '(redacted)', 'User-Agent': 'Python/3.8.5 slackclient/3.13.0 Darwin/20.6.0'}
2022-01-25 20:19:38,484 DEBUG slack_sdk.web.base_client Received the following response - status: 200, headers: {'date': 'Wed, 26 Jan 2022 02:19:38 GMT', 'server': 'Apache', 'x-powered-by': 'HHVM/4.128.0', 'access-control-allow-origin': '*', 'referrer-policy': 'no-referrer', 'x-slack-backend': 'r', 'strict-transport-security': 'max-age=31536000; includeSubDomains; preload', 'access-control-allow-headers': 'slack-route, x-slack-version-ts, x-b3-traceid, x-b3-spanid, x-b3-parentspanid, x-b3-sampled, x-b3-flags', 'access-control-expose-headers': 'x-slack-req-id, retry-after', 'expires': 'Mon, 26 Jul 1997 05:00:00 GMT', 'cache-control': 'private, no-cache, no-store, must-revalidate', 'pragma': 'no-cache', 'x-robots-tag': 'noindex,nofollow', 'x-xss-protection': '0', 'x-content-type-options': 'nosniff', 'x-slack-req-id': 'dc3b95cf7ac54315018e1d4e1c5063eb', 'vary': 'Accept-Encoding', 'content-type': 'application/json; charset=utf-8', 'x-envoy-upstream-service-time': '6', 'x-backend': 'main_normal main_bedrock_normal_with_overflow main_canary_with_overflow main_bedrock_canary_with_overflow main_control_with_overflow main_bedrock_control_with_overflow', 'x-server': 'slack-www-hhvm-main-iad-l6r7', 'x-slack-shared-secret-outcome': 'no-match', 'via': 'envoy-www-iad-whh5, envoy-edge-iad-1y00', 'x-edge-backend': 'envoy-www', 'x-slack-edge-shared-secret-outcome': 'no-match', 'connection': 'close', 'transfer-encoding': 'chunked'}, body: {"ok":false,"error":"account_inactive"}
2022-01-25 20:19:38,484 ERROR root Request to Slack API Failed: 200.
2022-01-25 20:19:38,484 ERROR root {'ok': False, 'error': 'account_inactive'}
2022-01-25 20:19:39,499 DEBUG slack_sdk.web.base_client Sending a request - url: https://www.slack.com/api/chat.postMessage, query_params: {}, body_params: {}, files: {}, json_body: {'channel': '#general', 'text': 'christmas'}, headers: {'Content-Type': 'application/json;charset=utf-8', 'Authorization': '(redacted)', 'User-Agent': 'Python/3.8.5 slackclient/3.13.0 Darwin/20.6.0'}
2022-01-25 20:19:39,696 DEBUG slack_sdk.web.base_client Received the following response - status: 200, headers: {'date': 'Wed, 26 Jan 2022 02:19:39 GMT', 'server': 'Apache', 'x-powered-by': 'HHVM/4.128.0', 'access-control-allow-origin': '*', 'referrer-policy': 'no-referrer', 'x-slack-backend': 'r', 'strict-transport-security': 'max-age=31536000; includeSubDomains; preload', 'access-control-allow-headers': 'slack-route, x-slack-version-ts, x-b3-traceid, x-b3-spanid, x-b3-parentspanid, x-b3-sampled, x-b3-flags', 'access-control-expose-headers': 'x-slack-req-id, retry-after', 'expires': 'Mon, 26 Jul 1997 05:00:00 GMT', 'cache-control': 'private, no-cache, no-store, must-revalidate', 'pragma': 'no-cache', 'x-robots-tag': 'noindex,nofollow', 'x-xss-protection': '0', 'x-content-type-options': 'nosniff', 'x-slack-req-id': 'd2f9af582a8c0b0204af7859e2100c1e', 'vary': 'Accept-Encoding', 'content-type': 'application/json; charset=utf-8', 'x-envoy-upstream-service-time': '6', 'x-backend': 'main_normal main_bedrock_normal_with_overflow main_canary_with_overflow main_bedrock_canary_with_overflow main_control_with_overflow main_bedrock_control_with_overflow', 'x-server': 'slack-www-hhvm-main-iad-h8mv', 'x-slack-shared-secret-outcome': 'no-match', 'via': 'envoy-www-canary-iad-0wcr, envoy-edge-iad-afpr', 'x-edge-backend': 'envoy-www', 'x-slack-edge-shared-secret-outcome': 'no-match', 'connection': 'close', 'transfer-encoding': 'chunked'}, body: {"ok":false,"error":"account_inactive"}
2022-01-25 20:19:39,696 ERROR root Request to Slack API Failed: 200.
2022-01-25 20:19:39,696 ERROR root {'ok': False, 'error': 'account_inactive'}
2022-01-25 20:19:59,841 ERROR root Request to Slack API Failed: 200.
2022-01-25 20:19:59,841 ERROR root {'ok': False, 'error': 'account_inactive'}
2022-01-25 20:20:13,214 ERROR root Request to Slack API Failed: 200.
2022-01-25 20:20:13,215 ERROR root {'ok': False, 'error': 'account_inactive'}
2022-01-25 20:28:10,242 ERROR root Request to Slack API Failed: 200.
2022-01-25 20:28:10,244 ERROR root {'ok': False, 'error': 'invalid_auth'}
2022-01-25 20:31:32,861 ERROR root Request to Slack API Failed: 200.
2022-01-25 20:31:32,861 ERROR root {'ok': False, 'error': 'invalid_auth'}
2022-01-25 20:32:10,043 ERROR root Request to Slack API Failed: 200.
2022-01-25 20:32:10,044 ERROR root {'ok': False, 'error': 'not_in_channel'}
2022-01-25 20:33:15,283 ERROR root Request to Slack API Failed: 200.
2022-01-25 20:33:15,283 ERROR root {'ok': False, 'error': 'not_in_channel'}
